<?xml version="1.0" encoding="UTF-8"?>
<!-- Generated by org.testng.reporters.JUnitXMLReporter -->
<testsuite ignored="5" hostname="Gireesh-miBook" failures="0" tests="2" name="Default test" time="2.51" errors="0" timestamp="2025-02-04T18:55:58 IST">
  <testcase classname="com.Ecom_Express.testCases.TC_Login_001" name="BasicTestfive" time="0.007"/>
  <testcase classname="com.Ecom_Express.testCases.TC_Login_001" name="BasicTestfive" time="0.001"/>
  <testcase classname="com.Ecom_Express.testCases.TC_Login_001" name="BasicTestthree" time="0.0">
    <ignored/>
  </testcase> <!-- BasicTestthree -->
  <testcase classname="com.Ecom_Express.testCases.TC_Login_001" name="BasicTestfour" time="0.0">
    <ignored/>
  </testcase> <!-- BasicTestfour -->
  <testcase classname="com.Ecom_Express.testCases.TC_Login_001" name="LoginTest" time="0.0">
    <ignored/>
  </testcase> <!-- LoginTest -->
  <testcase classname="com.Ecom_Express.testCases.TC_Login_001" name="BasicTesttwo" time="0.0">
    <ignored/>
  </testcase> <!-- BasicTesttwo -->
  <testcase classname="com.Ecom_Express.testCases.TC_Login_001" name="BasicTest" time="0.0">
    <ignored/>
  </testcase> <!-- BasicTest -->
</testsuite> <!-- Default test -->
