<?xml version="1.0" encoding="UTF-8"?>
<!-- Generated by org.testng.reporters.JUnitXMLReporter -->
<testsuite ignored="6" hostname="Gireesh-miBook" failures="0" tests="5" name="Default test" time="4.344" errors="0" timestamp="2025-02-04T20:00:26 IST">
  <testcase classname="com.Ecom_Express.testCases.TC_Login_001" name="BasicTestsix" time="0.034"/>
  <testcase classname="com.Ecom_Express.testCases.TC_Login_001" name="BasicTestsix" time="0.006"/>
  <testcase classname="com.Ecom_Express.testCases.TC_Login_001" name="BasicTestsix" time="0.002"/>
  <testcase classname="com.Ecom_Express.testCases.TC_Login_001" name="BasicTestsix" time="0.008"/>
  <testcase classname="com.Ecom_Express.testCases.TC_Login_001" name="BasicTestsix" time="0.003"/>
  <testcase classname="com.Ecom_Express.testCases.TC_Login_001" name="BasicTestfive" time="0.0">
    <ignored/>
  </testcase> <!-- BasicTestfive -->
  <testcase classname="com.Ecom_Express.testCases.TC_Login_001" name="BasicTesttwo" time="0.0">
    <ignored/>
  </testcase> <!-- BasicTesttwo -->
  <testcase classname="com.Ecom_Express.testCases.TC_Login_001" name="BasicTestthree" time="0.0">
    <ignored/>
  </testcase> <!-- BasicTestthree -->
  <testcase classname="com.Ecom_Express.testCases.TC_Login_001" name="BasicTest" time="0.0">
    <ignored/>
  </testcase> <!-- BasicTest -->
  <testcase classname="com.Ecom_Express.testCases.TC_Login_001" name="BasicTestfour" time="0.0">
    <ignored/>
  </testcase> <!-- BasicTestfour -->
  <testcase classname="com.Ecom_Express.testCases.TC_Login_001" name="LoginTest" time="0.0">
    <ignored/>
  </testcase> <!-- LoginTest -->
</testsuite> <!-- Default test -->
