<?xml version="1.0" encoding="UTF-8"?>
<testng-results ignored="6" total="11" passed="5" failed="0" skipped="0">
  <reporter-output>
  </reporter-output>
  <suite started-at="2025-02-04T20:00:22 IST" name="Default suite" finished-at="2025-02-04T20:00:26 IST" duration-ms="4344">
    <groups>
    </groups>
    <test started-at="2025-02-04T20:00:22 IST" name="Default test" finished-at="2025-02-04T20:00:26 IST" duration-ms="4344">
      <class name="com.Ecom_Express.testCases.TC_Login_001">
        <test-method is-config="true" signature="setup()[pri:0, instance:com.Ecom_Express.testCases.TC_Login_001@c730b35]" started-at="2025-02-04T20:00:22 IST" name="setup" finished-at="2025-02-04T20:00:25 IST" duration-ms="3791" status="PASS">
          <reporter-output>
          </reporter-output>
        </test-method> <!-- setup -->
        <test-method signature="BasicTestsix([Ljava.lang.Object;)[pri:0, instance:com.Ecom_Express.testCases.TC_Login_001@c730b35]" started-at="2025-02-04T20:00:25 IST" name="BasicTestsix" data-provider="datasetsix" finished-at="2025-02-04T20:00:25 IST" duration-ms="34" status="PASS">
          <params>
            <param index="0">
              <value>
                <![CDATA[[Ljava.lang.Object;@160ac7fb]]>
              </value>
            </param>
          </params>
          <reporter-output>
          </reporter-output>
        </test-method> <!-- BasicTestsix -->
        <test-method signature="BasicTestsix([Ljava.lang.Object;)[pri:0, instance:com.Ecom_Express.testCases.TC_Login_001@c730b35]" started-at="2025-02-04T20:00:25 IST" name="BasicTestsix" data-provider="datasetsix" finished-at="2025-02-04T20:00:25 IST" duration-ms="6" status="PASS">
          <params>
            <param index="0">
              <value>
                <![CDATA[[Ljava.lang.Object;@12bfd80d]]>
              </value>
            </param>
          </params>
          <reporter-output>
          </reporter-output>
        </test-method> <!-- BasicTestsix -->
        <test-method signature="BasicTestsix([Ljava.lang.Object;)[pri:0, instance:com.Ecom_Express.testCases.TC_Login_001@c730b35]" started-at="2025-02-04T20:00:25 IST" name="BasicTestsix" data-provider="datasetsix" finished-at="2025-02-04T20:00:25 IST" duration-ms="2" status="PASS">
          <params>
            <param index="0">
              <value>
                <![CDATA[[Ljava.lang.Object;@3dddefd8]]>
              </value>
            </param>
          </params>
          <reporter-output>
          </reporter-output>
        </test-method> <!-- BasicTestsix -->
        <test-method signature="BasicTestsix([Ljava.lang.Object;)[pri:0, instance:com.Ecom_Express.testCases.TC_Login_001@c730b35]" started-at="2025-02-04T20:00:25 IST" name="BasicTestsix" data-provider="datasetsix" finished-at="2025-02-04T20:00:25 IST" duration-ms="8" status="PASS">
          <params>
            <param index="0">
              <value>
                <![CDATA[[Ljava.lang.Object;@2b95e48b]]>
              </value>
            </param>
          </params>
          <reporter-output>
          </reporter-output>
        </test-method> <!-- BasicTestsix -->
        <test-method signature="BasicTestsix([Ljava.lang.Object;)[pri:0, instance:com.Ecom_Express.testCases.TC_Login_001@c730b35]" started-at="2025-02-04T20:00:25 IST" name="BasicTestsix" data-provider="datasetsix" finished-at="2025-02-04T20:00:25 IST" duration-ms="3" status="PASS">
          <params>
            <param index="0">
              <value>
                <![CDATA[[Ljava.lang.Object;@4a3329b9]]>
              </value>
            </param>
          </params>
          <reporter-output>
          </reporter-output>
        </test-method> <!-- BasicTestsix -->
        <test-method is-config="true" signature="teardown()[pri:0, instance:com.Ecom_Express.testCases.TC_Login_001@c730b35]" started-at="2025-02-04T20:00:25 IST" name="teardown" finished-at="2025-02-04T20:00:26 IST" duration-ms="381" status="PASS">
          <reporter-output>
          </reporter-output>
        </test-method> <!-- teardown -->
      </class> <!-- com.Ecom_Express.testCases.TC_Login_001 -->
    </test> <!-- Default test -->
  </suite> <!-- Default suite -->
</testng-results>
